c:\users\twctl\documents\github\in2026-coursework---asteroids\vc\asteroids\debug\vc143.pdb
c:\users\twctl\documents\github\in2026-coursework---asteroids\vc\asteroids\debug\vc143.idb
c:\users\twctl\documents\github\in2026-coursework---asteroids\vc\asteroids\debug\asteroid.obj
c:\users\twctl\documents\github\in2026-coursework---asteroids\vc\asteroids\debug\asteroids.obj
c:\users\twctl\documents\github\in2026-coursework---asteroids\vc\asteroids\debug\bullet.obj
c:\users\twctl\documents\github\in2026-coursework---asteroids\vc\asteroids\debug\explosion.obj
c:\users\twctl\documents\github\in2026-coursework---asteroids\vc\asteroids\debug\main.obj
c:\users\twctl\documents\github\in2026-coursework---asteroids\vc\asteroids\debug\spaceship.obj
c:\users\twctl\documents\github\in2026-coursework-asteroids\vc\asteroids\debug\vc143.pdb
c:\users\twctl\documents\github\in2026-coursework-asteroids\vc\asteroids\debug\vc143.idb
c:\users\twctl\documents\github\in2026-coursework-asteroids\vc\asteroids\debug\asteroid.obj
c:\users\twctl\documents\github\in2026-coursework-asteroids\vc\asteroids\debug\asteroids.obj
c:\users\twctl\documents\github\in2026-coursework-asteroids\vc\asteroids\debug\bullet.obj
c:\users\twctl\documents\github\in2026-coursework-asteroids\vc\asteroids\debug\explosion.obj
c:\users\twctl\documents\github\in2026-coursework-asteroids\vc\asteroids\debug\main.obj
c:\users\twctl\documents\github\in2026-coursework-asteroids\vc\asteroids\debug\spaceship.obj
c:\users\twctl\documents\github\in2026-coursework---asteroids\bin\asteroids.exe
c:\users\twctl\documents\github\in2026-coursework---asteroids\vc\asteroids\debug\asteroids.ilk
c:\users\twctl\documents\github\in2026-coursework---asteroids\vc\asteroids\debug\asteroids.pdb
c:\users\twctl\documents\github\in2026-coursework-asteroids\vc\asteroids\debug\asteroids.ilk
c:\users\twctl\documents\github\in2026-coursework-asteroids\bin\asteroids.exe
c:\users\twctl\documents\github\in2026-coursework-asteroids\vc\asteroids\debug\asteroids.pdb
c:\users\twctl\documents\github\in2026-coursework-asteroids\vc\asteroids\debug\asteroids.tlog\cl.command.1.tlog
c:\users\twctl\documents\github\in2026-coursework-asteroids\vc\asteroids\debug\asteroids.tlog\cl.read.1.tlog
c:\users\twctl\documents\github\in2026-coursework-asteroids\vc\asteroids\debug\asteroids.tlog\cl.write.1.tlog
c:\users\twctl\documents\github\in2026-coursework-asteroids\vc\asteroids\debug\asteroids.tlog\link.command.1.tlog
c:\users\twctl\documents\github\in2026-coursework-asteroids\vc\asteroids\debug\asteroids.tlog\link.read.1.tlog
c:\users\twctl\documents\github\in2026-coursework-asteroids\vc\asteroids\debug\asteroids.tlog\link.write.1.tlog
